-*- mode: compilation; default-directory: "~/Sandbox/expression/" -*-
Compilation started at Sat Jun  2 10:50:53

cd ~/Sandbox/expression && make
cd ./build/release && CC=gcc-7.3 CXX=g++-7.3 cmake -DCMAKE_CXX_STANDARD=17 -DCMAKE_CXX_FLAGS="-Wall -Werror -pedantic" -DCMAKE_CXX_FLAGS_RELWITHDEBINFO=-O3 -g -DCMAKE_BUILD_TYPE=Release ../..
-- Configuring done
-- Generating done
-- Build files have been written to: /home/sbj/Sandbox/expression/build/release
cd ./build/release && make && make test
make[1]: Entering directory '/home/sbj/Sandbox/expression/build/release'
make[2]: Entering directory '/home/sbj/Sandbox/expression/build/release'
make[3]: Entering directory '/home/sbj/Sandbox/expression/build/release'
make[3]: Leaving directory '/home/sbj/Sandbox/expression/build/release'
[ 25%] Built target application_test
make[3]: Entering directory '/home/sbj/Sandbox/expression/build/release'
make[3]: Leaving directory '/home/sbj/Sandbox/expression/build/release'
[ 50%] Built target variable_test
make[3]: Entering directory '/home/sbj/Sandbox/expression/build/release'
make[3]: Leaving directory '/home/sbj/Sandbox/expression/build/release'
[ 75%] Built target abstraction_test
make[3]: Entering directory '/home/sbj/Sandbox/expression/build/release'
make[3]: Leaving directory '/home/sbj/Sandbox/expression/build/release'
[100%] Built target value_test
make[2]: Leaving directory '/home/sbj/Sandbox/expression/build/release'
make[1]: Leaving directory '/home/sbj/Sandbox/expression/build/release'
make[1]: Entering directory '/home/sbj/Sandbox/expression/build/release'
Running tests...
Test project /home/sbj/Sandbox/expression/build/release
    Start 1: variable
1/4 Test #1: variable .........................   Passed    0.00 sec
    Start 2: application
2/4 Test #2: application ......................   Passed    0.00 sec
    Start 3: abstraction
3/4 Test #3: abstraction ......................   Passed    0.00 sec
    Start 4: value
4/4 Test #4: value ............................   Passed    0.00 sec

100% tests passed, 0 tests failed out of 4

Total Test time (real) =   0.01 sec
make[1]: Leaving directory '/home/sbj/Sandbox/expression/build/release'

Compilation finished at Sat Jun  2 10:50:53
